app/intermediates/manifest_merge_blame_file/debug/manifest-merger-blame-debug-report.txt
1<?xml version="1.0" encoding="utf-8"?>
2<manifest xmlns:android="http://schemas.android.com/apk/res/android"
3    package="com.example.pm1_task_management"
4    android:versionCode="1"
5    android:versionName="1.0.0" >
6
7    <uses-sdk
8        android:minSdkVersion="23"
9        android:targetSdkVersion="35" />
10    <!--
11         The INTERNET permission is required for development. Specifically,
12         the Flutter tool needs it to communicate with the running application
13         to allow setting breakpoints, to provide hot reload, etc.
14    -->
15    <uses-permission android:name="android.permission.INTERNET" />
15-->src\main\AndroidManifest.xml:3:5-67
15-->src\main\AndroidManifest.xml:3:22-64
16    <uses-permission android:name="android.permission.ACCESS_NETWORK_STATE" /> <!-- Required for querying activities that can process text -->
16-->src\main\AndroidManifest.xml:4:5-79
16-->src\main\AndroidManifest.xml:4:22-76
17    <queries>
17-->src\main\AndroidManifest.xml:37:5-42:15
18        <intent>
18-->src\main\AndroidManifest.xml:38:9-41:18
19            <action android:name="android.intent.action.PROCESS_TEXT" />
19-->src\main\AndroidManifest.xml:39:13-72
19-->src\main\AndroidManifest.xml:39:21-70
20
21            <data android:mimeType="text/plain" />
21-->src\main\AndroidManifest.xml:40:13-50
21-->src\main\AndroidManifest.xml:40:19-48
22        </intent>
23    </queries>
24
25    <uses-permission android:name="com.google.android.providers.gsf.permission.READ_GSERVICES" />
25-->[com.google.android.recaptcha:recaptcha:18.5.1] AndroidManifest.xml:9:5-98
25-->[com.google.android.recaptcha:recaptcha:18.5.1] AndroidManifest.xml:9:22-95
26
27    <permission
27-->[androidx.core:core:1.13.1] AndroidManifest.xml:22:5-24:47
28        android:name="com.example.pm1_task_management.DYNAMIC_RECEIVER_NOT_EXPORTED_PERMISSION"
28-->[androidx.core:core:1.13.1] AndroidManifest.xml:23:9-81
29        android:protectionLevel="signature" />
29-->[androidx.core:core:1.13.1] AndroidManifest.xml:24:9-44
30
31    <uses-permission android:name="com.example.pm1_task_management.DYNAMIC_RECEIVER_NOT_EXPORTED_PERMISSION" />
31-->[androidx.core:core:1.13.1] AndroidManifest.xml:26:5-97
31-->[androidx.core:core:1.13.1] AndroidManifest.xml:26:22-94
32
33    <application
34        android:name="android.app.Application"
35        android:appComponentFactory="androidx.core.app.CoreComponentFactory"
35-->[androidx.core:core:1.13.1] AndroidManifest.xml:28:18-86
36        android:debuggable="true"
37        android:extractNativeLibs="false"
38        android:icon="@mipmap/ic_launcher"
39        android:label="pm1_task_management" >
40        <activity
41            android:name="com.example.pm1_task_management.MainActivity"
42            android:configChanges="orientation|keyboardHidden|keyboard|screenSize|smallestScreenSize|locale|layoutDirection|fontScale|screenLayout|density|uiMode"
43            android:exported="true"
44            android:hardwareAccelerated="true"
45            android:launchMode="singleTop"
46            android:taskAffinity=""
47            android:theme="@style/LaunchTheme"
48            android:windowSoftInputMode="adjustResize" >
49            <meta-data
50                android:name="io.flutter.embedding.android.NormalTheme"
51                android:resource="@style/NormalTheme" />
52
53            <intent-filter>
54                <action android:name="android.intent.action.MAIN" />
55
56                <category android:name="android.intent.category.LAUNCHER" />
57            </intent-filter>
58        </activity>
59
60        <!-- Jangan hapus meta-data ini, digunakan oleh tool Flutter -->
61        <meta-data
62            android:name="flutterEmbedding"
63            android:value="2" />
64
65        <service
65-->[:cloud_firestore] AndroidManifest.xml:8:9-12:19
66            android:name="com.google.firebase.components.ComponentDiscoveryService"
66-->[:cloud_firestore] AndroidManifest.xml:8:18-89
67            android:directBootAware="true"
67-->[com.google.firebase:firebase-common:21.0.0] AndroidManifest.xml:32:13-43
68            android:exported="false" >
68-->[com.google.firebase:firebase-auth:23.1.0] AndroidManifest.xml:68:13-37
69            <meta-data
69-->[:cloud_firestore] AndroidManifest.xml:9:13-11:85
70                android:name="com.google.firebase.components:io.flutter.plugins.firebase.firestore.FlutterFirebaseFirestoreRegistrar"
70-->[:cloud_firestore] AndroidManifest.xml:10:17-134
71                android:value="com.google.firebase.components.ComponentRegistrar" />
71-->[:cloud_firestore] AndroidManifest.xml:11:17-82
72            <meta-data
72-->[:firebase_auth] AndroidManifest.xml:9:13-11:85
73                android:name="com.google.firebase.components:io.flutter.plugins.firebase.auth.FlutterFirebaseAuthRegistrar"
73-->[:firebase_auth] AndroidManifest.xml:10:17-124
74                android:value="com.google.firebase.components.ComponentRegistrar" />
74-->[:firebase_auth] AndroidManifest.xml:11:17-82
75            <meta-data
75-->[:firebase_storage] AndroidManifest.xml:9:13-11:85
76                android:name="com.google.firebase.components:io.flutter.plugins.firebase.storage.FlutterFirebaseAppRegistrar"
76-->[:firebase_storage] AndroidManifest.xml:10:17-126
77                android:value="com.google.firebase.components.ComponentRegistrar" />
77-->[:firebase_storage] AndroidManifest.xml:11:17-82
78            <meta-data
78-->[:firebase_core] AndroidManifest.xml:9:13-11:85
79                android:name="com.google.firebase.components:io.flutter.plugins.firebase.core.FlutterFirebaseCoreRegistrar"
79-->[:firebase_core] AndroidManifest.xml:10:17-124
80                android:value="com.google.firebase.components.ComponentRegistrar" />
80-->[:firebase_core] AndroidManifest.xml:11:17-82
81            <meta-data
81-->[com.google.firebase:firebase-auth:23.1.0] AndroidManifest.xml:69:13-71:85
82                android:name="com.google.firebase.components:com.google.firebase.auth.FirebaseAuthRegistrar"
82-->[com.google.firebase:firebase-auth:23.1.0] AndroidManifest.xml:70:17-109
83                android:value="com.google.firebase.components.ComponentRegistrar" />
83-->[com.google.firebase:firebase-auth:23.1.0] AndroidManifest.xml:71:17-82
84            <meta-data
84-->[com.google.firebase:firebase-firestore:25.1.1] AndroidManifest.xml:17:13-19:85
85                android:name="com.google.firebase.components:com.google.firebase.firestore.FirebaseFirestoreKtxRegistrar"
85-->[com.google.firebase:firebase-firestore:25.1.1] AndroidManifest.xml:18:17-122
86                android:value="com.google.firebase.components.ComponentRegistrar" />
86-->[com.google.firebase:firebase-firestore:25.1.1] AndroidManifest.xml:19:17-82
87            <meta-data
87-->[com.google.firebase:firebase-firestore:25.1.1] AndroidManifest.xml:20:13-22:85
88                android:name="com.google.firebase.components:com.google.firebase.firestore.FirestoreRegistrar"
88-->[com.google.firebase:firebase-firestore:25.1.1] AndroidManifest.xml:21:17-111
89                android:value="com.google.firebase.components.ComponentRegistrar" />
89-->[com.google.firebase:firebase-firestore:25.1.1] AndroidManifest.xml:22:17-82
90            <meta-data
90-->[com.google.firebase:firebase-storage:21.0.1] AndroidManifest.xml:30:13-32:85
91                android:name="com.google.firebase.components:com.google.firebase.storage.FirebaseStorageKtxRegistrar"
91-->[com.google.firebase:firebase-storage:21.0.1] AndroidManifest.xml:31:17-118
92                android:value="com.google.firebase.components.ComponentRegistrar" />
92-->[com.google.firebase:firebase-storage:21.0.1] AndroidManifest.xml:32:17-82
93            <meta-data
93-->[com.google.firebase:firebase-storage:21.0.1] AndroidManifest.xml:33:13-35:85
94                android:name="com.google.firebase.components:com.google.firebase.storage.StorageRegistrar"
94-->[com.google.firebase:firebase-storage:21.0.1] AndroidManifest.xml:34:17-107
95                android:value="com.google.firebase.components.ComponentRegistrar" />
95-->[com.google.firebase:firebase-storage:21.0.1] AndroidManifest.xml:35:17-82
96            <meta-data
96-->[com.google.firebase:firebase-appcheck:18.0.0] AndroidManifest.xml:25:13-27:85
97                android:name="com.google.firebase.components:com.google.firebase.appcheck.FirebaseAppCheckKtxRegistrar"
97-->[com.google.firebase:firebase-appcheck:18.0.0] AndroidManifest.xml:26:17-120
98                android:value="com.google.firebase.components.ComponentRegistrar" />
98-->[com.google.firebase:firebase-appcheck:18.0.0] AndroidManifest.xml:27:17-82
99            <meta-data
99-->[com.google.firebase:firebase-appcheck:18.0.0] AndroidManifest.xml:28:13-30:85
100                android:name="com.google.firebase.components:com.google.firebase.appcheck.FirebaseAppCheckRegistrar"
100-->[com.google.firebase:firebase-appcheck:18.0.0] AndroidManifest.xml:29:17-117
101                android:value="com.google.firebase.components.ComponentRegistrar" />
101-->[com.google.firebase:firebase-appcheck:18.0.0] AndroidManifest.xml:30:17-82
102            <meta-data
102-->[com.google.firebase:firebase-common-ktx:21.0.0] AndroidManifest.xml:12:13-14:85
103                android:name="com.google.firebase.components:com.google.firebase.ktx.FirebaseCommonLegacyRegistrar"
103-->[com.google.firebase:firebase-common-ktx:21.0.0] AndroidManifest.xml:13:17-116
104                android:value="com.google.firebase.components.ComponentRegistrar" />
104-->[com.google.firebase:firebase-common-ktx:21.0.0] AndroidManifest.xml:14:17-82
105            <meta-data
105-->[com.google.firebase:firebase-common:21.0.0] AndroidManifest.xml:35:13-37:85
106                android:name="com.google.firebase.components:com.google.firebase.FirebaseCommonKtxRegistrar"
106-->[com.google.firebase:firebase-common:21.0.0] AndroidManifest.xml:36:17-109
107                android:value="com.google.firebase.components.ComponentRegistrar" />
107-->[com.google.firebase:firebase-common:21.0.0] AndroidManifest.xml:37:17-82
108        </service>
109
110        <provider
110-->[:image_picker_android] AndroidManifest.xml:9:9-17:20
111            android:name="io.flutter.plugins.imagepicker.ImagePickerFileProvider"
111-->[:image_picker_android] AndroidManifest.xml:10:13-82
112            android:authorities="com.example.pm1_task_management.flutter.image_provider"
112-->[:image_picker_android] AndroidManifest.xml:11:13-74
113            android:exported="false"
113-->[:image_picker_android] AndroidManifest.xml:12:13-37
114            android:grantUriPermissions="true" >
114-->[:image_picker_android] AndroidManifest.xml:13:13-47
115            <meta-data
115-->[:image_picker_android] AndroidManifest.xml:14:13-16:75
116                android:name="android.support.FILE_PROVIDER_PATHS"
116-->[:image_picker_android] AndroidManifest.xml:15:17-67
117                android:resource="@xml/flutter_image_picker_file_paths" />
117-->[:image_picker_android] AndroidManifest.xml:16:17-72
118        </provider> <!-- Trigger Google Play services to install the backported photo picker module. -->
119        <service
119-->[:image_picker_android] AndroidManifest.xml:19:9-31:19
120            android:name="com.google.android.gms.metadata.ModuleDependencies"
120-->[:image_picker_android] AndroidManifest.xml:20:13-78
121            android:enabled="false"
121-->[:image_picker_android] AndroidManifest.xml:21:13-36
122            android:exported="false" >
122-->[:image_picker_android] AndroidManifest.xml:22:13-37
123            <intent-filter>
123-->[:image_picker_android] AndroidManifest.xml:24:13-26:29
124                <action android:name="com.google.android.gms.metadata.MODULE_DEPENDENCIES" />
124-->[:image_picker_android] AndroidManifest.xml:25:17-94
124-->[:image_picker_android] AndroidManifest.xml:25:25-91
125            </intent-filter>
126
127            <meta-data
127-->[:image_picker_android] AndroidManifest.xml:28:13-30:36
128                android:name="photopicker_activity:0:required"
128-->[:image_picker_android] AndroidManifest.xml:29:17-63
129                android:value="" />
129-->[:image_picker_android] AndroidManifest.xml:30:17-33
130        </service>
131
132        <activity
132-->[com.google.firebase:firebase-auth:23.1.0] AndroidManifest.xml:29:9-46:20
133            android:name="com.google.firebase.auth.internal.GenericIdpActivity"
133-->[com.google.firebase:firebase-auth:23.1.0] AndroidManifest.xml:30:13-80
134            android:excludeFromRecents="true"
134-->[com.google.firebase:firebase-auth:23.1.0] AndroidManifest.xml:31:13-46
135            android:exported="true"
135-->[com.google.firebase:firebase-auth:23.1.0] AndroidManifest.xml:32:13-36
136            android:launchMode="singleTask"
136-->[com.google.firebase:firebase-auth:23.1.0] AndroidManifest.xml:33:13-44
137            android:theme="@android:style/Theme.Translucent.NoTitleBar" >
137-->[com.google.firebase:firebase-auth:23.1.0] AndroidManifest.xml:34:13-72
138            <intent-filter>
138-->[com.google.firebase:firebase-auth:23.1.0] AndroidManifest.xml:35:13-45:29
139                <action android:name="android.intent.action.VIEW" />
139-->[com.google.firebase:firebase-auth:23.1.0] AndroidManifest.xml:36:17-69
139-->[com.google.firebase:firebase-auth:23.1.0] AndroidManifest.xml:36:25-66
140
141                <category android:name="android.intent.category.DEFAULT" />
141-->[com.google.firebase:firebase-auth:23.1.0] AndroidManifest.xml:38:17-76
141-->[com.google.firebase:firebase-auth:23.1.0] AndroidManifest.xml:38:27-73
142                <category android:name="android.intent.category.BROWSABLE" />
142-->[com.google.firebase:firebase-auth:23.1.0] AndroidManifest.xml:39:17-78
142-->[com.google.firebase:firebase-auth:23.1.0] AndroidManifest.xml:39:27-75
143
144                <data
144-->src\main\AndroidManifest.xml:40:13-50
145                    android:host="firebase.auth"
146                    android:path="/"
147                    android:scheme="genericidp" />
148            </intent-filter>
149        </activity>
150        <activity
150-->[com.google.firebase:firebase-auth:23.1.0] AndroidManifest.xml:47:9-64:20
151            android:name="com.google.firebase.auth.internal.RecaptchaActivity"
151-->[com.google.firebase:firebase-auth:23.1.0] AndroidManifest.xml:48:13-79
152            android:excludeFromRecents="true"
152-->[com.google.firebase:firebase-auth:23.1.0] AndroidManifest.xml:49:13-46
153            android:exported="true"
153-->[com.google.firebase:firebase-auth:23.1.0] AndroidManifest.xml:50:13-36
154            android:launchMode="singleTask"
154-->[com.google.firebase:firebase-auth:23.1.0] AndroidManifest.xml:51:13-44
155            android:theme="@android:style/Theme.Translucent.NoTitleBar" >
155-->[com.google.firebase:firebase-auth:23.1.0] AndroidManifest.xml:52:13-72
156            <intent-filter>
156-->[com.google.firebase:firebase-auth:23.1.0] AndroidManifest.xml:53:13-63:29
157                <action android:name="android.intent.action.VIEW" />
157-->[com.google.firebase:firebase-auth:23.1.0] AndroidManifest.xml:36:17-69
157-->[com.google.firebase:firebase-auth:23.1.0] AndroidManifest.xml:36:25-66
158
159                <category android:name="android.intent.category.DEFAULT" />
159-->[com.google.firebase:firebase-auth:23.1.0] AndroidManifest.xml:38:17-76
159-->[com.google.firebase:firebase-auth:23.1.0] AndroidManifest.xml:38:27-73
160                <category android:name="android.intent.category.BROWSABLE" />
160-->[com.google.firebase:firebase-auth:23.1.0] AndroidManifest.xml:39:17-78
160-->[com.google.firebase:firebase-auth:23.1.0] AndroidManifest.xml:39:27-75
161
162                <data
162-->src\main\AndroidManifest.xml:40:13-50
163                    android:host="firebase.auth"
164                    android:path="/"
165                    android:scheme="recaptcha" />
166            </intent-filter>
167        </activity>
168
169        <service
169-->[androidx.credentials:credentials-play-services-auth:1.2.0-rc01] AndroidManifest.xml:24:9-32:19
170            android:name="androidx.credentials.playservices.CredentialProviderMetadataHolder"
170-->[androidx.credentials:credentials-play-services-auth:1.2.0-rc01] AndroidManifest.xml:25:13-94
171            android:enabled="true"
171-->[androidx.credentials:credentials-play-services-auth:1.2.0-rc01] AndroidManifest.xml:26:13-35
172            android:exported="false" >
172-->[androidx.credentials:credentials-play-services-auth:1.2.0-rc01] AndroidManifest.xml:27:13-37
173            <meta-data
173-->[androidx.credentials:credentials-play-services-auth:1.2.0-rc01] AndroidManifest.xml:29:13-31:104
174                android:name="androidx.credentials.CREDENTIAL_PROVIDER_KEY"
174-->[androidx.credentials:credentials-play-services-auth:1.2.0-rc01] AndroidManifest.xml:30:17-76
175                android:value="androidx.credentials.playservices.CredentialProviderPlayServicesImpl" />
175-->[androidx.credentials:credentials-play-services-auth:1.2.0-rc01] AndroidManifest.xml:31:17-101
176        </service>
177
178        <activity
178-->[androidx.credentials:credentials-play-services-auth:1.2.0-rc01] AndroidManifest.xml:34:9-41:20
179            android:name="androidx.credentials.playservices.HiddenActivity"
179-->[androidx.credentials:credentials-play-services-auth:1.2.0-rc01] AndroidManifest.xml:35:13-76
180            android:configChanges="orientation|screenSize|screenLayout|keyboardHidden"
180-->[androidx.credentials:credentials-play-services-auth:1.2.0-rc01] AndroidManifest.xml:36:13-87
181            android:enabled="true"
181-->[androidx.credentials:credentials-play-services-auth:1.2.0-rc01] AndroidManifest.xml:37:13-35
182            android:exported="false"
182-->[androidx.credentials:credentials-play-services-auth:1.2.0-rc01] AndroidManifest.xml:38:13-37
183            android:fitsSystemWindows="true"
183-->[androidx.credentials:credentials-play-services-auth:1.2.0-rc01] AndroidManifest.xml:39:13-45
184            android:theme="@style/Theme.Hidden" >
184-->[androidx.credentials:credentials-play-services-auth:1.2.0-rc01] AndroidManifest.xml:40:13-48
185        </activity>
186        <activity
186-->[com.google.android.gms:play-services-auth:21.0.0] AndroidManifest.xml:23:9-27:75
187            android:name="com.google.android.gms.auth.api.signin.internal.SignInHubActivity"
187-->[com.google.android.gms:play-services-auth:21.0.0] AndroidManifest.xml:24:13-93
188            android:excludeFromRecents="true"
188-->[com.google.android.gms:play-services-auth:21.0.0] AndroidManifest.xml:25:13-46
189            android:exported="false"
189-->[com.google.android.gms:play-services-auth:21.0.0] AndroidManifest.xml:26:13-37
190            android:theme="@android:style/Theme.Translucent.NoTitleBar" />
190-->[com.google.android.gms:play-services-auth:21.0.0] AndroidManifest.xml:27:13-72
191        <!--
192            Service handling Google Sign-In user revocation. For apps that do not integrate with
193            Google Sign-In, this service will never be started.
194        -->
195        <service
195-->[com.google.android.gms:play-services-auth:21.0.0] AndroidManifest.xml:33:9-37:51
196            android:name="com.google.android.gms.auth.api.signin.RevocationBoundService"
196-->[com.google.android.gms:play-services-auth:21.0.0] AndroidManifest.xml:34:13-89
197            android:exported="true"
197-->[com.google.android.gms:play-services-auth:21.0.0] AndroidManifest.xml:35:13-36
198            android:permission="com.google.android.gms.auth.api.signin.permission.REVOCATION_NOTIFICATION"
198-->[com.google.android.gms:play-services-auth:21.0.0] AndroidManifest.xml:36:13-107
199            android:visibleToInstantApps="true" />
199-->[com.google.android.gms:play-services-auth:21.0.0] AndroidManifest.xml:37:13-48
200
201        <provider
201-->[com.google.firebase:firebase-common:21.0.0] AndroidManifest.xml:23:9-28:39
202            android:name="com.google.firebase.provider.FirebaseInitProvider"
202-->[com.google.firebase:firebase-common:21.0.0] AndroidManifest.xml:24:13-77
203            android:authorities="com.example.pm1_task_management.firebaseinitprovider"
203-->[com.google.firebase:firebase-common:21.0.0] AndroidManifest.xml:25:13-72
204            android:directBootAware="true"
204-->[com.google.firebase:firebase-common:21.0.0] AndroidManifest.xml:26:13-43
205            android:exported="false"
205-->[com.google.firebase:firebase-common:21.0.0] AndroidManifest.xml:27:13-37
206            android:initOrder="100" />
206-->[com.google.firebase:firebase-common:21.0.0] AndroidManifest.xml:28:13-36
207        <provider
207-->[androidx.lifecycle:lifecycle-process:2.7.0] AndroidManifest.xml:24:9-32:20
208            android:name="androidx.startup.InitializationProvider"
208-->[androidx.lifecycle:lifecycle-process:2.7.0] AndroidManifest.xml:25:13-67
209            android:authorities="com.example.pm1_task_management.androidx-startup"
209-->[androidx.lifecycle:lifecycle-process:2.7.0] AndroidManifest.xml:26:13-68
210            android:exported="false" >
210-->[androidx.lifecycle:lifecycle-process:2.7.0] AndroidManifest.xml:27:13-37
211            <meta-data
211-->[androidx.lifecycle:lifecycle-process:2.7.0] AndroidManifest.xml:29:13-31:52
212                android:name="androidx.lifecycle.ProcessLifecycleInitializer"
212-->[androidx.lifecycle:lifecycle-process:2.7.0] AndroidManifest.xml:30:17-78
213                android:value="androidx.startup" />
213-->[androidx.lifecycle:lifecycle-process:2.7.0] AndroidManifest.xml:31:17-49
214            <meta-data
214-->[androidx.profileinstaller:profileinstaller:1.3.1] AndroidManifest.xml:29:13-31:52
215                android:name="androidx.profileinstaller.ProfileInstallerInitializer"
215-->[androidx.profileinstaller:profileinstaller:1.3.1] AndroidManifest.xml:30:17-85
216                android:value="androidx.startup" />
216-->[androidx.profileinstaller:profileinstaller:1.3.1] AndroidManifest.xml:31:17-49
217        </provider>
218
219        <uses-library
219-->[androidx.window:window:1.2.0] AndroidManifest.xml:23:9-25:40
220            android:name="androidx.window.extensions"
220-->[androidx.window:window:1.2.0] AndroidManifest.xml:24:13-54
221            android:required="false" />
221-->[androidx.window:window:1.2.0] AndroidManifest.xml:25:13-37
222        <uses-library
222-->[androidx.window:window:1.2.0] AndroidManifest.xml:26:9-28:40
223            android:name="androidx.window.sidecar"
223-->[androidx.window:window:1.2.0] AndroidManifest.xml:27:13-51
224            android:required="false" />
224-->[androidx.window:window:1.2.0] AndroidManifest.xml:28:13-37
225
226        <activity
226-->[com.google.android.gms:play-services-base:18.1.0] AndroidManifest.xml:20:9-22:45
227            android:name="com.google.android.gms.common.api.GoogleApiActivity"
227-->[com.google.android.gms:play-services-base:18.1.0] AndroidManifest.xml:20:19-85
228            android:exported="false"
228-->[com.google.android.gms:play-services-base:18.1.0] AndroidManifest.xml:22:19-43
229            android:theme="@android:style/Theme.Translucent.NoTitleBar" />
229-->[com.google.android.gms:play-services-base:18.1.0] AndroidManifest.xml:21:19-78
230
231        <meta-data
231-->[com.google.android.gms:play-services-basement:18.4.0] AndroidManifest.xml:6:9-122
232            android:name="com.google.android.gms.version"
232-->[com.google.android.gms:play-services-basement:18.4.0] AndroidManifest.xml:6:20-65
233            android:value="@integer/google_play_services_version" />
233-->[com.google.android.gms:play-services-basement:18.4.0] AndroidManifest.xml:6:66-119
234
235        <receiver
235-->[androidx.profileinstaller:profileinstaller:1.3.1] AndroidManifest.xml:34:9-52:20
236            android:name="androidx.profileinstaller.ProfileInstallReceiver"
236-->[androidx.profileinstaller:profileinstaller:1.3.1] AndroidManifest.xml:35:13-76
237            android:directBootAware="false"
237-->[androidx.profileinstaller:profileinstaller:1.3.1] AndroidManifest.xml:36:13-44
238            android:enabled="true"
238-->[androidx.profileinstaller:profileinstaller:1.3.1] AndroidManifest.xml:37:13-35
239            android:exported="true"
239-->[androidx.profileinstaller:profileinstaller:1.3.1] AndroidManifest.xml:38:13-36
240            android:permission="android.permission.DUMP" >
240-->[androidx.profileinstaller:profileinstaller:1.3.1] AndroidManifest.xml:39:13-57
241            <intent-filter>
241-->[androidx.profileinstaller:profileinstaller:1.3.1] AndroidManifest.xml:40:13-42:29
242                <action android:name="androidx.profileinstaller.action.INSTALL_PROFILE" />
242-->[androidx.profileinstaller:profileinstaller:1.3.1] AndroidManifest.xml:41:17-91
242-->[androidx.profileinstaller:profileinstaller:1.3.1] AndroidManifest.xml:41:25-88
243            </intent-filter>
244            <intent-filter>
244-->[androidx.profileinstaller:profileinstaller:1.3.1] AndroidManifest.xml:43:13-45:29
245                <action android:name="androidx.profileinstaller.action.SKIP_FILE" />
245-->[androidx.profileinstaller:profileinstaller:1.3.1] AndroidManifest.xml:44:17-85
245-->[androidx.profileinstaller:profileinstaller:1.3.1] AndroidManifest.xml:44:25-82
246            </intent-filter>
247            <intent-filter>
247-->[androidx.profileinstaller:profileinstaller:1.3.1] AndroidManifest.xml:46:13-48:29
248                <action android:name="androidx.profileinstaller.action.SAVE_PROFILE" />
248-->[androidx.profileinstaller:profileinstaller:1.3.1] AndroidManifest.xml:47:17-88
248-->[androidx.profileinstaller:profileinstaller:1.3.1] AndroidManifest.xml:47:25-85
249            </intent-filter>
250            <intent-filter>
250-->[androidx.profileinstaller:profileinstaller:1.3.1] AndroidManifest.xml:49:13-51:29
251                <action android:name="androidx.profileinstaller.action.BENCHMARK_OPERATION" />
251-->[androidx.profileinstaller:profileinstaller:1.3.1] AndroidManifest.xml:50:17-95
251-->[androidx.profileinstaller:profileinstaller:1.3.1] AndroidManifest.xml:50:25-92
252            </intent-filter>
253        </receiver> <!-- The activities will be merged into the manifest of the hosting app. -->
254        <activity
254-->[com.google.android.play:core-common:2.0.3] AndroidManifest.xml:14:9-18:65
255            android:name="com.google.android.play.core.common.PlayCoreDialogWrapperActivity"
255-->[com.google.android.play:core-common:2.0.3] AndroidManifest.xml:15:13-93
256            android:exported="false"
256-->[com.google.android.play:core-common:2.0.3] AndroidManifest.xml:16:13-37
257            android:stateNotNeeded="true"
257-->[com.google.android.play:core-common:2.0.3] AndroidManifest.xml:17:13-42
258            android:theme="@style/Theme.PlayCore.Transparent" />
258-->[com.google.android.play:core-common:2.0.3] AndroidManifest.xml:18:13-62
259    </application>
260
261</manifest>